Initial Device Configurations
=============================

IP: 72.10.21.226
Name: Thomas 39344
Firmware: 6.42.6 (stable)
Architecture: mipsbe

IP: 72.10.21.227
Name: Nisbett 26920
Firmware: 6.42.6 (stable)
Architecture: mipsbe

IP: 72.10.21.228
Name: Thomas_21018
Firmware: 6.42.6 (stable)
Architecture: mipsbe

IP: 72.10.21.229
Name: householder_38008
Firmware: 6.42.6 (stable)
Architecture: mipsbe

IP: 72.10.21.230
Name: Howell 27046
Firmware: 6.42.6 (stable)
Architecture: mipsbe

IP: 72.10.21.231
Name: Matson 20019
Firmware: 6.42.6 (stable)
Architecture: mipsbe

IP: 72.10.21.232
Name: Oliver 34334
Firmware: 6.42.6 (stable)
Architecture: mipsbe

IP: 72.10.21.234
Name: O'Connor_25888
Firmware: 6.42.6 (stable)
Architecture: mipsbe

IP: 72.10.21.236
Name: Bohlke 37546
Firmware: 6.42.6 (stable)
Architecture: mipsbe

IP: 72.10.21.237
Name: Moore_38413
Firmware: 6.42.6 (stable)
Architecture: mipsbe

IP: 72.10.21.238
Name: Utley, R 38465
Firmware: 6.42.6 (stable)
Architecture: mipsbe

IP: 72.10.21.239
Name: Haq_37398
Firmware: 6.42.6 (stable)
Architecture: mipsbe

IP: 72.10.21.241
Name: Gladden_33645
Firmware: 6.42.6 (stable)
Architecture: mipsbe

IP: 72.10.21.243
Name: Mixon_33979
Firmware: 6.42.6 (stable)
Architecture: mipsbe

IP: 72.10.21.244
Name: Braswell_19346 6227Teak Ln WR
Firmware: 6.42.6 (stable)
Architecture: mipsbe

IP: 72.10.21.245
Name: Liess_23587
Firmware: 6.42.6 (stable)
Architecture: mipsbe

IP: 72.10.21.246
Name: Schultz_18325
Firmware: 6.42.6 (stable)
Architecture: mipsbe

IP: 72.10.21.247
Name: Jerrow 18551
Firmware: 6.42.6 (stable)
Architecture: mipsbe

IP: 72.10.21.248
Name: Cruz, Felipe
Firmware: 6.42.6 (stable)
Architecture: mipsbe

IP: 72.10.21.249
Name: Morse_34145
Firmware: 6.42.6 (stable)
Architecture: mipsbe

IP: 72.10.21.250
Name: Ide_19730
Firmware: 6.42.6 (stable)
Architecture: mipsbe

IP: 72.10.21.251
Name: Cleavenger_34201
Firmware: 6.42.6 (stable)
Architecture: mipsbe

IP: 72.10.21.252
Name: Hernandez 19983
Firmware: 6.42.6 (stable)
Architecture: mipsbe

IP: 72.10.21.253
Name: Pennella_34344
Firmware: 6.42.6 (stable)
Architecture: mipsbe


Final Device Configurations
===========================

IP: 72.10.21.226
Name: Thomas 39344
Firmware: 6.42.6 (stable)
Architecture: mipsbe
Password was changed

IP: 72.10.21.227
Name: Nisbett 26920
Firmware: 6.42.6 (stable)
Architecture: mipsbe
Password was changed

IP: 72.10.21.228
Name: Thomas_21018
Firmware: 6.42.6 (stable)
Architecture: mipsbe
Password was changed

IP: 72.10.21.229
Name: householder_38008
Firmware: 6.42.6 (stable)
Architecture: mipsbe
Password was changed

IP: 72.10.21.230
Name: Howell 27046
Firmware: 6.42.6 (stable)
Architecture: mipsbe
Password was changed

IP: 72.10.21.231
Name: Matson 20019
Firmware: 6.42.6 (stable)
Architecture: mipsbe
Password was changed

IP: 72.10.21.232
Name: Oliver 34334
Firmware: 6.42.6 (stable)
Architecture: mipsbe
Password was changed

IP: 72.10.21.234
Name: O'Connor_25888
Firmware: 6.42.6 (stable)
Architecture: mipsbe
Password was changed

IP: 72.10.21.236
Name: Bohlke 37546
Firmware: 6.42.6 (stable)
Architecture: mipsbe
No Change Detected

IP: 72.10.21.237
Name: Moore_38413
Firmware: 6.42.6 (stable)
Architecture: mipsbe
Password was changed

IP: 72.10.21.238
Name: Utley, R 38465
Firmware: 6.42.6 (stable)
Architecture: mipsbe
Password was changed

IP: 72.10.21.239
Name: Haq_37398
Firmware: 6.42.6 (stable)
Architecture: mipsbe
Password was changed

IP: 72.10.21.241
Name: Gladden_33645
Firmware: 6.42.6 (stable)
Architecture: mipsbe
Password was changed

IP: 72.10.21.243
Name: Mixon_33979
Firmware: 6.42.6 (stable)
Architecture: mipsbe
Password was changed

IP: 72.10.21.244
Name: Braswell_19346 6227Teak Ln WR
Firmware: 6.42.6 (stable)
Architecture: mipsbe
Password was changed

IP: 72.10.21.245
Name: Liess_23587
Firmware: 6.42.6 (stable)
Architecture: mipsbe
Password was changed

IP: 72.10.21.246
Name: Schultz_18325
Firmware: 6.42.6 (stable)
Architecture: mipsbe
Password was changed

IP: 72.10.21.247
Name: Jerrow 18551
Firmware: 6.42.6 (stable)
Architecture: mipsbe
Password was changed

IP: 72.10.21.248
Name: Cruz, Felipe
Firmware: 6.42.6 (stable)
Architecture: mipsbe
Password was changed

IP: 72.10.21.249
Name: Morse_34145
Firmware: 6.42.6 (stable)
Architecture: mipsbe
Password was changed

IP: 72.10.21.250
Name: Ide_19730
Firmware: 6.42.6 (stable)
Architecture: mipsbe
Password was changed

IP: 72.10.21.251
Name: Cleavenger_34201
Firmware: 6.42.6 (stable)
Architecture: mipsbe
Password was changed

IP: 72.10.21.252
Name: Hernandez 19983
Firmware: 6.42.6 (stable)
Architecture: mipsbe
Password was changed

IP: 72.10.21.253
Name: Pennella_34344
Firmware: 6.42.6 (stable)
Architecture: mipsbe
Password was changed


